<?xml version="1.0" encoding="UTF-8"?>
<!-- Generated by org.testng.reporters.JUnitReportReporter -->
<testsuite skipped="0" hostname="zhangjh" name="com.stt.pomp.testng.PompLogin" tests="3" failures="0" timestamp="17 五月 2018 05:35:57 GMT" time="1.352" errors="0">
  <testcase name="testDemo1" time="1.018" classname="com.stt.pomp.testng.PompLogin"/>
  <testcase name="testDemo3" time="0.143" classname="com.stt.pomp.testng.PompLogin"/>
  <testcase name="testDemo2" time="0.191" classname="com.stt.pomp.testng.PompLogin"/>
</testsuite> <!-- com.stt.pomp.testng.PompLogin -->
