<?xml version="1.0" encoding="UTF-8"?>
<!-- Generated by org.testng.reporters.JUnitReportReporter -->
<testsuite skipped="0" hostname="zhangjh" name="com.stt.pomp.testng.PompLogin" tests="3" failures="0" timestamp="28 五月 2018 01:35:50 GMT" time="1.518" errors="0">
  <testcase name="testDemo1" time="0.677" classname="com.stt.pomp.testng.PompLogin"/>
  <testcase name="testDemo2" time="0.465" classname="com.stt.pomp.testng.PompLogin"/>
  <testcase name="testDemo3" time="0.376" classname="com.stt.pomp.testng.PompLogin"/>
</testsuite> <!-- com.stt.pomp.testng.PompLogin -->
