<?xml version="1.0" encoding="UTF-8"?>
<!-- Generated by org.testng.reporters.JUnitReportReporter -->
<testsuite skipped="0" hostname="zhangjh" name="com.stt.pomp.testng.PompLogin" tests="3" failures="0" timestamp="16 五月 2018 09:03:53 GMT" time="0.954" errors="0">
  <testcase name="testDemo1" time="0.522" classname="com.stt.pomp.testng.PompLogin"/>
  <testcase name="testDemo3" time="0.237" classname="com.stt.pomp.testng.PompLogin"/>
  <testcase name="testDemo2" time="0.195" classname="com.stt.pomp.testng.PompLogin"/>
</testsuite> <!-- com.stt.pomp.testng.PompLogin -->
